0 info it worked if it ends with ok
1 verbose cli [ '/usr/local/bin/node',
1 verbose cli   '/usr/local/bin/npm',
1 verbose cli   'install',
1 verbose cli   'eonasdan-bootstrap-datetimepicker#latest',
1 verbose cli   '--save' ]
2 info using npm@2.15.10
3 info using node@v6.6.0
4 verbose install initial load of /Library/WebServer/Documents/carrental/package.json
5 verbose installManyTop reading scoped package data from /Library/WebServer/Documents/carrental/node_modules/body-parser/package.json
6 verbose installManyTop reading scoped package data from /Library/WebServer/Documents/carrental/node_modules/bootstrap/package.json
7 verbose installManyTop reading scoped package data from /Library/WebServer/Documents/carrental/node_modules/bootstrap-datepicker/package.json
8 verbose installManyTop reading scoped package data from /Library/WebServer/Documents/carrental/node_modules/cookie-parser/package.json
9 verbose installManyTop reading scoped package data from /Library/WebServer/Documents/carrental/node_modules/dateformat/package.json
10 verbose installManyTop reading scoped package data from /Library/WebServer/Documents/carrental/node_modules/debug/package.json
11 verbose installManyTop reading scoped package data from /Library/WebServer/Documents/carrental/node_modules/express/package.json
12 verbose installManyTop reading scoped package data from /Library/WebServer/Documents/carrental/node_modules/jade/package.json
13 verbose installManyTop reading scoped package data from /Library/WebServer/Documents/carrental/node_modules/jquery/package.json
14 verbose installManyTop reading scoped package data from /Library/WebServer/Documents/carrental/node_modules/jquery-dateformat/package.json
15 verbose installManyTop reading scoped package data from /Library/WebServer/Documents/carrental/node_modules/morgan/package.json
16 verbose installManyTop reading scoped package data from /Library/WebServer/Documents/carrental/node_modules/mysql/package.json
17 verbose installManyTop reading scoped package data from /Library/WebServer/Documents/carrental/node_modules/serve-favicon/package.json
18 info package.json jquery-dateformat@1.0.3 No repository field.
19 info package.json jquery-dateformat@1.0.3 license should be a valid SPDX license expression
20 verbose readDependencies loading dependencies from /Library/WebServer/Documents/carrental/package.json
21 silly cache add args [ 'eonasdan-bootstrap-datetimepicker#latest', null ]
22 verbose cache add spec eonasdan-bootstrap-datetimepicker#latest
23 silly cache add parsed spec Result {
23 silly cache add   raw: 'eonasdan-bootstrap-datetimepicker#latest',
23 silly cache add   scope: null,
23 silly cache add   name: null,
23 silly cache add   rawSpec: 'eonasdan-bootstrap-datetimepicker#latest',
23 silly cache add   spec: '/Library/WebServer/Documents/carrental/eonasdan-bootstrap-datetimepicker#latest',
23 silly cache add   type: 'local' }
24 error addLocal Could not install /Library/WebServer/Documents/carrental/eonasdan-bootstrap-datetimepicker#latest
25 verbose stack Error: ENOENT: no such file or directory, open '/Library/WebServer/Documents/carrental/eonasdan-bootstrap-datetimepicker#latest'
25 verbose stack     at Error (native)
26 verbose cwd /Library/WebServer/Documents/carrental
27 error Darwin 15.6.0
28 error argv "/usr/local/bin/node" "/usr/local/bin/npm" "install" "eonasdan-bootstrap-datetimepicker#latest" "--save"
29 error node v6.6.0
30 error npm  v2.15.10
31 error path /Library/WebServer/Documents/carrental/eonasdan-bootstrap-datetimepicker#latest
32 error code ENOENT
33 error errno -2
34 error syscall open
35 error enoent ENOENT: no such file or directory, open '/Library/WebServer/Documents/carrental/eonasdan-bootstrap-datetimepicker#latest'
35 error enoent This is most likely not a problem with npm itself
35 error enoent and is related to npm not being able to find a file.
36 verbose exit [ -2, true ]
